build/app/intermediates/manifest_merge_blame_file/debug/manifest-merger-blame-debug-report.txt
1<?xml version="1.0" encoding="utf-8"?>
2<manifest xmlns:android="http://schemas.android.com/apk/res/android"
3    package="com.mycompany.santehaggui"
4    android:versionCode="1"
5    android:versionName="1.0.0" >
6
7    <uses-sdk
8        android:minSdkVersion="21"
9        android:targetSdkVersion="33" />
10    <!--
11         Flutter needs it to communicate with the running application
12         to allow setting breakpoints, to provide hot reload, etc.
13    -->
14    <uses-permission android:name="android.permission.INTERNET" />
14-->src/main/AndroidManifest.xml:4:5-66
14-->src/main/AndroidManifest.xml:4:22-64
15    <uses-permission android:name="android.permission.CAMERA" />
15-->src/main/AndroidManifest.xml:5:5-64
15-->src/main/AndroidManifest.xml:5:22-62
16    <uses-permission
16-->src/main/AndroidManifest.xml:6:5-80
17        android:name="android.permission.READ_EXTERNAL_STORAGE"
17-->src/main/AndroidManifest.xml:6:22-77
18        android:maxSdkVersion="32" />
18-->[:file_picker] AndroidManifest.xml:11:9-35
19    <uses-permission android:name="android.permission.WRITE_EXTERNAL_STORAGE" />
19-->src/main/AndroidManifest.xml:7:5-81
19-->src/main/AndroidManifest.xml:7:22-78
20
21    <queries>
21-->[:file_picker] AndroidManifest.xml:13:5-19:15
22        <intent>
22-->[:file_picker] AndroidManifest.xml:14:9-18:18
23            <action android:name="android.intent.action.GET_CONTENT" />
23-->[:file_picker] AndroidManifest.xml:15:13-72
23-->[:file_picker] AndroidManifest.xml:15:21-69
24
25            <data android:mimeType="*/*" />
25-->src/main/AndroidManifest.xml:50:17-85
26        </intent>
27    </queries> <!-- Although the *SdkVersion is captured in gradle build files, this is required for non gradle builds -->
28    <!-- <uses-sdk android:minSdkVersion="14" /> -->
29    <uses-permission android:name="android.permission.ACCESS_NETWORK_STATE" />
29-->[com.google.firebase:firebase-firestore:24.6.0] AndroidManifest.xml:12:5-79
29-->[com.google.firebase:firebase-firestore:24.6.0] AndroidManifest.xml:12:22-76
30
31    <permission
31-->[androidx.core:core:1.10.1] AndroidManifest.xml:22:5-24:47
32        android:name="com.mycompany.santehaggui.DYNAMIC_RECEIVER_NOT_EXPORTED_PERMISSION"
32-->[androidx.core:core:1.10.1] AndroidManifest.xml:23:9-81
33        android:protectionLevel="signature" />
33-->[androidx.core:core:1.10.1] AndroidManifest.xml:24:9-44
34
35    <uses-permission android:name="com.mycompany.santehaggui.DYNAMIC_RECEIVER_NOT_EXPORTED_PERMISSION" />
35-->[androidx.core:core:1.10.1] AndroidManifest.xml:26:5-97
35-->[androidx.core:core:1.10.1] AndroidManifest.xml:26:22-94
36
37    <application
37-->src/main/AndroidManifest.xml:9:5-63:19
38        android:appComponentFactory="androidx.core.app.CoreComponentFactory"
38-->[androidx.core:core:1.10.1] AndroidManifest.xml:28:18-86
39        android:debuggable="true"
40        android:icon="@mipmap/ic_launcher"
40-->src/main/AndroidManifest.xml:12:9-43
41        android:label="santehaggui"
41-->src/main/AndroidManifest.xml:10:9-36
42        android:requestLegacyExternalStorage="true" >
42-->src/main/AndroidManifest.xml:13:9-52
43        <activity
43-->src/main/AndroidManifest.xml:15:9-53:20
44            android:name="com.mycompany.santehaggui.MainActivity"
44-->src/main/AndroidManifest.xml:16:13-41
45            android:configChanges="orientation|keyboardHidden|keyboard|screenSize|smallestScreenSize|locale|layoutDirection|fontScale|screenLayout|density|uiMode"
45-->src/main/AndroidManifest.xml:20:13-163
46            android:exported="true"
46-->src/main/AndroidManifest.xml:17:13-36
47            android:hardwareAccelerated="true"
47-->src/main/AndroidManifest.xml:21:13-47
48            android:launchMode="singleTop"
48-->src/main/AndroidManifest.xml:18:13-43
49            android:theme="@style/LaunchTheme"
49-->src/main/AndroidManifest.xml:19:13-47
50            android:windowSoftInputMode="adjustResize" >
50-->src/main/AndroidManifest.xml:22:13-55
51
52            <!--
53                 Specifies an Android theme to apply to this Activity as soon as
54                 the Android process has started. This theme is visible to the user
55                 while the Flutter UI initializes. After that, this theme continues
56                 to determine the Window background behind the Flutter UI.
57            -->
58            <meta-data
58-->src/main/AndroidManifest.xml:27:13-30:17
59                android:name="io.flutter.embedding.android.NormalTheme"
59-->src/main/AndroidManifest.xml:28:15-70
60                android:resource="@style/NormalTheme" />
60-->src/main/AndroidManifest.xml:29:15-52
61            <!--
62                 Displays an Android View that continues showing the launch screen
63                 Drawable until Flutter paints its first frame, then this splash
64                 screen fades out. A splash screen is useful to avoid any visual
65                 gap between the end of Android's launch screen and the painting of
66                 Flutter's first frame.
67            -->
68            <meta-data
68-->src/main/AndroidManifest.xml:36:13-39:17
69                android:name="io.flutter.embedding.android.SplashScreenDrawable"
69-->src/main/AndroidManifest.xml:37:15-79
70                android:resource="@drawable/launch_background" />
70-->src/main/AndroidManifest.xml:38:15-61
71
72            <intent-filter>
72-->src/main/AndroidManifest.xml:40:13-43:29
73                <action android:name="android.intent.action.MAIN" />
73-->src/main/AndroidManifest.xml:41:17-68
73-->src/main/AndroidManifest.xml:41:25-66
74
75                <category android:name="android.intent.category.LAUNCHER" />
75-->src/main/AndroidManifest.xml:42:17-76
75-->src/main/AndroidManifest.xml:42:27-74
76            </intent-filter>
77            <!-- Deep linking -->
78            <meta-data
78-->src/main/AndroidManifest.xml:45:13-90
79                android:name="flutter_deeplinking_enabled"
79-->src/main/AndroidManifest.xml:45:24-66
80                android:value="true" />
80-->src/main/AndroidManifest.xml:45:67-87
81
82            <intent-filter android:autoVerify="true" >
82-->src/main/AndroidManifest.xml:46:13-51:29
82-->src/main/AndroidManifest.xml:46:28-53
83                <action android:name="android.intent.action.VIEW" />
83-->src/main/AndroidManifest.xml:47:17-69
83-->src/main/AndroidManifest.xml:47:25-66
84
85                <category android:name="android.intent.category.DEFAULT" />
85-->src/main/AndroidManifest.xml:48:17-76
85-->src/main/AndroidManifest.xml:48:27-73
86                <category android:name="android.intent.category.BROWSABLE" />
86-->src/main/AndroidManifest.xml:49:17-78
86-->src/main/AndroidManifest.xml:49:27-75
87
88                <data
88-->src/main/AndroidManifest.xml:50:17-85
89                    android:host="santehaggui.com"
89-->src/main/AndroidManifest.xml:50:52-82
90                    android:scheme="santehaggui" />
90-->src/main/AndroidManifest.xml:50:23-51
91            </intent-filter>
92        </activity>
93
94        <!--
95             Don't delete the meta-data below.
96             This is used by the Flutter tool to generate GeneratedPluginRegistrant.java
97        -->
98        <meta-data
98-->src/main/AndroidManifest.xml:57:9-59:33
99            android:name="flutterEmbedding"
99-->src/main/AndroidManifest.xml:58:13-44
100            android:value="2" />
100-->src/main/AndroidManifest.xml:59:13-30
101
102        <service
102-->[:firebase_performance] AndroidManifest.xml:12:9-16:19
103            android:name="com.google.firebase.components.ComponentDiscoveryService"
103-->[:firebase_performance] AndroidManifest.xml:12:18-89
104            android:directBootAware="true"
104-->[com.google.firebase:firebase-common:20.3.2] AndroidManifest.xml:34:13-43
105            android:exported="false" >
105-->[com.google.firebase:firebase-perf:20.3.2] AndroidManifest.xml:15:13-37
106            <meta-data
106-->[:firebase_performance] AndroidManifest.xml:13:13-15:85
107                android:name="com.google.firebase.components:io.flutter.plugins.firebase.performance.FlutterFirebaseAppRegistrar"
107-->[:firebase_performance] AndroidManifest.xml:14:17-130
108                android:value="com.google.firebase.components.ComponentRegistrar" />
108-->[:firebase_performance] AndroidManifest.xml:15:17-82
109            <meta-data
109-->[:cloud_firestore] AndroidManifest.xml:11:13-13:85
110                android:name="com.google.firebase.components:io.flutter.plugins.firebase.firestore.FlutterFirebaseFirestoreRegistrar"
110-->[:cloud_firestore] AndroidManifest.xml:12:17-134
111                android:value="com.google.firebase.components.ComponentRegistrar" />
111-->[:cloud_firestore] AndroidManifest.xml:13:17-82
112            <meta-data
112-->[:firebase_core] AndroidManifest.xml:11:13-13:85
113                android:name="com.google.firebase.components:io.flutter.plugins.firebase.core.FlutterFirebaseCoreRegistrar"
113-->[:firebase_core] AndroidManifest.xml:12:17-124
114                android:value="com.google.firebase.components.ComponentRegistrar" />
114-->[:firebase_core] AndroidManifest.xml:13:17-82
115            <meta-data
115-->[com.google.firebase:firebase-perf:20.3.2] AndroidManifest.xml:16:13-18:85
116                android:name="com.google.firebase.components:com.google.firebase.perf.FirebasePerfRegistrar"
116-->[com.google.firebase:firebase-perf:20.3.2] AndroidManifest.xml:17:17-109
117                android:value="com.google.firebase.components.ComponentRegistrar" />
117-->[com.google.firebase:firebase-perf:20.3.2] AndroidManifest.xml:18:17-82
118            <meta-data
118-->[com.google.firebase:firebase-firestore:24.6.0] AndroidManifest.xml:19:13-21:85
119                android:name="com.google.firebase.components:com.google.firebase.firestore.FirestoreRegistrar"
119-->[com.google.firebase:firebase-firestore:24.6.0] AndroidManifest.xml:20:17-111
120                android:value="com.google.firebase.components.ComponentRegistrar" />
120-->[com.google.firebase:firebase-firestore:24.6.0] AndroidManifest.xml:21:17-82
121            <meta-data
121-->[com.google.firebase:firebase-datatransport:18.1.8] AndroidManifest.xml:27:13-29:85
122                android:name="com.google.firebase.components:com.google.firebase.datatransport.TransportRegistrar"
122-->[com.google.firebase:firebase-datatransport:18.1.8] AndroidManifest.xml:28:17-115
123                android:value="com.google.firebase.components.ComponentRegistrar" />
123-->[com.google.firebase:firebase-datatransport:18.1.8] AndroidManifest.xml:29:17-82
124            <meta-data
124-->[com.google.firebase:firebase-config:21.4.0] AndroidManifest.xml:31:13-33:85
125                android:name="com.google.firebase.components:com.google.firebase.remoteconfig.RemoteConfigRegistrar"
125-->[com.google.firebase:firebase-config:21.4.0] AndroidManifest.xml:32:17-117
126                android:value="com.google.firebase.components.ComponentRegistrar" />
126-->[com.google.firebase:firebase-config:21.4.0] AndroidManifest.xml:33:17-82
127            <meta-data
127-->[com.google.firebase:firebase-installations:17.1.3] AndroidManifest.xml:17:13-19:85
128                android:name="com.google.firebase.components:com.google.firebase.installations.FirebaseInstallationsRegistrar"
128-->[com.google.firebase:firebase-installations:17.1.3] AndroidManifest.xml:18:17-127
129                android:value="com.google.firebase.components.ComponentRegistrar" />
129-->[com.google.firebase:firebase-installations:17.1.3] AndroidManifest.xml:19:17-82
130            <meta-data
130-->[com.google.firebase:firebase-abt:21.1.1] AndroidManifest.xml:12:13-14:85
131                android:name="com.google.firebase.components:com.google.firebase.abt.component.AbtRegistrar"
131-->[com.google.firebase:firebase-abt:21.1.1] AndroidManifest.xml:13:17-109
132                android:value="com.google.firebase.components.ComponentRegistrar" />
132-->[com.google.firebase:firebase-abt:21.1.1] AndroidManifest.xml:14:17-82
133        </service>
134
135        <provider
135-->[:image_picker_android] AndroidManifest.xml:10:9-18:20
136            android:name="io.flutter.plugins.imagepicker.ImagePickerFileProvider"
136-->[:image_picker_android] AndroidManifest.xml:11:13-82
137            android:authorities="com.mycompany.santehaggui.flutter.image_provider"
137-->[:image_picker_android] AndroidManifest.xml:12:13-74
138            android:exported="false"
138-->[:image_picker_android] AndroidManifest.xml:13:13-37
139            android:grantUriPermissions="true" >
139-->[:image_picker_android] AndroidManifest.xml:14:13-47
140            <meta-data
140-->[:image_picker_android] AndroidManifest.xml:15:13-17:75
141                android:name="android.support.FILE_PROVIDER_PATHS"
141-->[:image_picker_android] AndroidManifest.xml:16:17-67
142                android:resource="@xml/flutter_image_picker_file_paths" />
142-->[:image_picker_android] AndroidManifest.xml:17:17-72
143        </provider>
144
145        <activity
145-->[:url_launcher_android] AndroidManifest.xml:10:9-13:74
146            android:name="io.flutter.plugins.urllauncher.WebViewActivity"
146-->[:url_launcher_android] AndroidManifest.xml:11:13-74
147            android:exported="false"
147-->[:url_launcher_android] AndroidManifest.xml:12:13-37
148            android:theme="@android:style/Theme.NoTitleBar.Fullscreen" />
148-->[:url_launcher_android] AndroidManifest.xml:13:13-71
149
150        <provider
150-->[com.google.firebase:firebase-common:20.3.2] AndroidManifest.xml:25:9-30:39
151            android:name="com.google.firebase.provider.FirebaseInitProvider"
151-->[com.google.firebase:firebase-common:20.3.2] AndroidManifest.xml:26:13-77
152            android:authorities="com.mycompany.santehaggui.firebaseinitprovider"
152-->[com.google.firebase:firebase-common:20.3.2] AndroidManifest.xml:27:13-72
153            android:directBootAware="true"
153-->[com.google.firebase:firebase-common:20.3.2] AndroidManifest.xml:28:13-43
154            android:exported="false"
154-->[com.google.firebase:firebase-common:20.3.2] AndroidManifest.xml:29:13-37
155            android:initOrder="100" />
155-->[com.google.firebase:firebase-common:20.3.2] AndroidManifest.xml:30:13-36
156
157        <activity
157-->[com.google.android.gms:play-services-base:18.0.1] AndroidManifest.xml:20:9-22:45
158            android:name="com.google.android.gms.common.api.GoogleApiActivity"
158-->[com.google.android.gms:play-services-base:18.0.1] AndroidManifest.xml:20:19-85
159            android:exported="false"
159-->[com.google.android.gms:play-services-base:18.0.1] AndroidManifest.xml:22:19-43
160            android:theme="@android:style/Theme.Translucent.NoTitleBar" />
160-->[com.google.android.gms:play-services-base:18.0.1] AndroidManifest.xml:21:19-78
161
162        <meta-data
162-->[com.google.android.gms:play-services-basement:18.1.0] AndroidManifest.xml:21:9-23:69
163            android:name="com.google.android.gms.version"
163-->[com.google.android.gms:play-services-basement:18.1.0] AndroidManifest.xml:22:13-58
164            android:value="@integer/google_play_services_version" />
164-->[com.google.android.gms:play-services-basement:18.1.0] AndroidManifest.xml:23:13-66
165
166        <uses-library
166-->[androidx.window:window:1.0.0-beta04] AndroidManifest.xml:25:9-27:40
167            android:name="androidx.window.extensions"
167-->[androidx.window:window:1.0.0-beta04] AndroidManifest.xml:26:13-54
168            android:required="false" />
168-->[androidx.window:window:1.0.0-beta04] AndroidManifest.xml:27:13-37
169        <uses-library
169-->[androidx.window:window:1.0.0-beta04] AndroidManifest.xml:28:9-30:40
170            android:name="androidx.window.sidecar"
170-->[androidx.window:window:1.0.0-beta04] AndroidManifest.xml:29:13-51
171            android:required="false" />
171-->[androidx.window:window:1.0.0-beta04] AndroidManifest.xml:30:13-37
172
173        <provider
173-->[androidx.lifecycle:lifecycle-process:2.6.1] AndroidManifest.xml:24:9-32:20
174            android:name="androidx.startup.InitializationProvider"
174-->[androidx.lifecycle:lifecycle-process:2.6.1] AndroidManifest.xml:25:13-67
175            android:authorities="com.mycompany.santehaggui.androidx-startup"
175-->[androidx.lifecycle:lifecycle-process:2.6.1] AndroidManifest.xml:26:13-68
176            android:exported="false" >
176-->[androidx.lifecycle:lifecycle-process:2.6.1] AndroidManifest.xml:27:13-37
177            <meta-data
177-->[androidx.lifecycle:lifecycle-process:2.6.1] AndroidManifest.xml:29:13-31:52
178                android:name="androidx.lifecycle.ProcessLifecycleInitializer"
178-->[androidx.lifecycle:lifecycle-process:2.6.1] AndroidManifest.xml:30:17-78
179                android:value="androidx.startup" />
179-->[androidx.lifecycle:lifecycle-process:2.6.1] AndroidManifest.xml:31:17-49
180            <meta-data
180-->[androidx.profileinstaller:profileinstaller:1.3.0] AndroidManifest.xml:29:13-31:52
181                android:name="androidx.profileinstaller.ProfileInstallerInitializer"
181-->[androidx.profileinstaller:profileinstaller:1.3.0] AndroidManifest.xml:30:17-85
182                android:value="androidx.startup" />
182-->[androidx.profileinstaller:profileinstaller:1.3.0] AndroidManifest.xml:31:17-49
183        </provider>
184
185        <receiver
185-->[androidx.profileinstaller:profileinstaller:1.3.0] AndroidManifest.xml:34:9-52:20
186            android:name="androidx.profileinstaller.ProfileInstallReceiver"
186-->[androidx.profileinstaller:profileinstaller:1.3.0] AndroidManifest.xml:35:13-76
187            android:directBootAware="false"
187-->[androidx.profileinstaller:profileinstaller:1.3.0] AndroidManifest.xml:36:13-44
188            android:enabled="true"
188-->[androidx.profileinstaller:profileinstaller:1.3.0] AndroidManifest.xml:37:13-35
189            android:exported="true"
189-->[androidx.profileinstaller:profileinstaller:1.3.0] AndroidManifest.xml:38:13-36
190            android:permission="android.permission.DUMP" >
190-->[androidx.profileinstaller:profileinstaller:1.3.0] AndroidManifest.xml:39:13-57
191            <intent-filter>
191-->[androidx.profileinstaller:profileinstaller:1.3.0] AndroidManifest.xml:40:13-42:29
192                <action android:name="androidx.profileinstaller.action.INSTALL_PROFILE" />
192-->[androidx.profileinstaller:profileinstaller:1.3.0] AndroidManifest.xml:41:17-91
192-->[androidx.profileinstaller:profileinstaller:1.3.0] AndroidManifest.xml:41:25-88
193            </intent-filter>
194            <intent-filter>
194-->[androidx.profileinstaller:profileinstaller:1.3.0] AndroidManifest.xml:43:13-45:29
195                <action android:name="androidx.profileinstaller.action.SKIP_FILE" />
195-->[androidx.profileinstaller:profileinstaller:1.3.0] AndroidManifest.xml:44:17-85
195-->[androidx.profileinstaller:profileinstaller:1.3.0] AndroidManifest.xml:44:25-82
196            </intent-filter>
197            <intent-filter>
197-->[androidx.profileinstaller:profileinstaller:1.3.0] AndroidManifest.xml:46:13-48:29
198                <action android:name="androidx.profileinstaller.action.SAVE_PROFILE" />
198-->[androidx.profileinstaller:profileinstaller:1.3.0] AndroidManifest.xml:47:17-88
198-->[androidx.profileinstaller:profileinstaller:1.3.0] AndroidManifest.xml:47:25-85
199            </intent-filter>
200            <intent-filter>
200-->[androidx.profileinstaller:profileinstaller:1.3.0] AndroidManifest.xml:49:13-51:29
201                <action android:name="androidx.profileinstaller.action.BENCHMARK_OPERATION" />
201-->[androidx.profileinstaller:profileinstaller:1.3.0] AndroidManifest.xml:50:17-95
201-->[androidx.profileinstaller:profileinstaller:1.3.0] AndroidManifest.xml:50:25-92
202            </intent-filter>
203        </receiver>
204
205        <service
205-->[com.google.android.datatransport:transport-backend-cct:3.1.9] AndroidManifest.xml:28:9-34:19
206            android:name="com.google.android.datatransport.runtime.backends.TransportBackendDiscovery"
206-->[com.google.android.datatransport:transport-backend-cct:3.1.9] AndroidManifest.xml:29:13-103
207            android:exported="false" >
207-->[com.google.android.datatransport:transport-backend-cct:3.1.9] AndroidManifest.xml:30:13-37
208            <meta-data
208-->[com.google.android.datatransport:transport-backend-cct:3.1.9] AndroidManifest.xml:31:13-33:39
209                android:name="backend:com.google.android.datatransport.cct.CctBackendFactory"
209-->[com.google.android.datatransport:transport-backend-cct:3.1.9] AndroidManifest.xml:32:17-94
210                android:value="cct" />
210-->[com.google.android.datatransport:transport-backend-cct:3.1.9] AndroidManifest.xml:33:17-36
211        </service>
212        <service
212-->[com.google.android.datatransport:transport-runtime:3.1.9] AndroidManifest.xml:26:9-30:19
213            android:name="com.google.android.datatransport.runtime.scheduling.jobscheduling.JobInfoSchedulerService"
213-->[com.google.android.datatransport:transport-runtime:3.1.9] AndroidManifest.xml:27:13-117
214            android:exported="false"
214-->[com.google.android.datatransport:transport-runtime:3.1.9] AndroidManifest.xml:28:13-37
215            android:permission="android.permission.BIND_JOB_SERVICE" >
215-->[com.google.android.datatransport:transport-runtime:3.1.9] AndroidManifest.xml:29:13-69
216        </service>
217
218        <receiver
218-->[com.google.android.datatransport:transport-runtime:3.1.9] AndroidManifest.xml:32:9-34:40
219            android:name="com.google.android.datatransport.runtime.scheduling.jobscheduling.AlarmManagerSchedulerBroadcastReceiver"
219-->[com.google.android.datatransport:transport-runtime:3.1.9] AndroidManifest.xml:33:13-132
220            android:exported="false" />
220-->[com.google.android.datatransport:transport-runtime:3.1.9] AndroidManifest.xml:34:13-37
221    </application>
222
223</manifest>